{"failedCount":1,"prefixedPath":"src\/test\/java\/APITest\/Base.feature","packageQualifiedName":"src.test.java.APITest.Base","loopIndex":-1,"relativePath":"src\/test\/java\/APITest\/Base.feature","scenarioResults":[{"sectionIndex":0,"stepResults":[{"result":{"nanos":52021100,"errorMessage":"js failed:\n>>>>\n01: karate.log('[print]',Test Başlıyor)\n<<<<\norg.graalvm.polyglot.PolyglotException: SyntaxError: Unnamed:1:26 Expected , but found Başlıyor\r\nkarate.log('[print]',Test Başlıyor)\r\n                          ^\n\n- org.graalvm.polyglot.Context.eval(Context.java:401)\n- com.intuit.karate.graal.JsEngine.evalForValue(JsEngine.java:141)\n- com.intuit.karate.graal.JsEngine.eval(JsEngine.java:137)\n- com.intuit.karate.core.ScenarioEngine.evalJs(ScenarioEngine.java:1344)\n- com.intuit.karate.core.ScenarioEngine.print(ScenarioEngine.java:252)\n- com.intuit.karate.ScenarioActions.print(ScenarioActions.java:308)\n- java.base\/jdk.internal.reflect.DirectMethodHandleAccessor.invoke(DirectMethodHandleAccessor.java:104)\n\nsrc\/test\/java\/APITest\/Base.feature:4","millis":52.0211,"status":"failed"},"step":{"line":4,"prefix":"Given","index":0,"text":"print Test Başlıyor"},"stepLog":"13:29:20.326 src\/test\/java\/APITest\/Base.feature:4\nGiven print Test Başlıyor\njs failed:\n>>>>\n01: karate.log('[print]',Test Başlıyor)\n<<<<\norg.graalvm.polyglot.PolyglotException: SyntaxError: Unnamed:1:26 Expected , but found Başlıyor\r\nkarate.log('[print]',Test Başlıyor)\r\n                          ^\n\n- org.graalvm.polyglot.Context.eval(Context.java:401)\n- com.intuit.karate.graal.JsEngine.evalForValue(JsEngine.java:141)\n- com.intuit.karate.graal.JsEngine.eval(JsEngine.java:137)\n- com.intuit.karate.core.ScenarioEngine.evalJs(ScenarioEngine.java:1344)\n- com.intuit.karate.core.ScenarioEngine.print(ScenarioEngine.java:252)\n- com.intuit.karate.ScenarioActions.print(ScenarioActions.java:308)\n- java.base\/jdk.internal.reflect.DirectMethodHandleAccessor.invoke(DirectMethodHandleAccessor.java:104)\n\nsrc\/test\/java\/APITest\/Base.feature:4\n"}],"line":3,"description":"","durationMillis":52.0211,"failed":true,"error":"js failed:\n>>>>\n01: karate.log('[print]',Test Başlıyor)\n<<<<\norg.graalvm.polyglot.PolyglotException: SyntaxError: Unnamed:1:26 Expected , but found Başlıyor\r\nkarate.log('[print]',Test Başlıyor)\r\n                          ^\n\n- org.graalvm.polyglot.Context.eval(Context.java:401)\n- com.intuit.karate.graal.JsEngine.evalForValue(JsEngine.java:141)\n- com.intuit.karate.graal.JsEngine.eval(JsEngine.java:137)\n- com.intuit.karate.core.ScenarioEngine.evalJs(ScenarioEngine.java:1344)\n- com.intuit.karate.core.ScenarioEngine.print(ScenarioEngine.java:252)\n- com.intuit.karate.ScenarioActions.print(ScenarioActions.java:308)\n- java.base\/jdk.internal.reflect.DirectMethodHandleAccessor.invoke(DirectMethodHandleAccessor.java:104)\n\nsrc\/test\/java\/APITest\/Base.feature:4","executorName":"main","name":"Spotfy Proje Api Testi","startTime":1655202560265,"refId":"[1:3]","endTime":1655202560326,"exampleIndex":-1}],"callDepth":0,"name":"Spotfy Api Testi","description":"","resultDate":"2022-06-14 01:29:20 ÖS","durationMillis":52.0211,"passedCount":0}